BigFitness/build/outputs/logs/manifest-merger-release-report.txt
-- Merging decision tree log ---
manifest
ADDED from src\main\AndroidManifest.xml:2:1-217:12
	package
		ADDED from src\main\AndroidManifest.xml:4:5-43
		INJECTED from src\main\AndroidManifest.xml
		INJECTED from src\main\AndroidManifest.xml
	android:versionName
		INJECTED from src\main\AndroidManifest.xml
		INJECTED from src\main\AndroidManifest.xml
	xmlns:tools
		ADDED from src\main\AndroidManifest.xml:3:5-51
	xmlns:android
		ADDED from src\main\AndroidManifest.xml:2:11-69
	android:versionCode
		INJECTED from src\main\AndroidManifest.xml
		INJECTED from src\main\AndroidManifest.xml
uses-permission#android.permission.INTERNET
ADDED from src\main\AndroidManifest.xml:7:5-67
MERGED from [com.getui:sdk:2.12.5.0] AndroidManifest.xml:11:5-67
	android:name
		ADDED from src\main\AndroidManifest.xml:7:22-64
uses-permission#android.permission.WRITE_EXTERNAL_STORAGE
ADDED from src\main\AndroidManifest.xml:9:5-81
MERGED from [com.yanzhenjie:album:1.0.0] AndroidManifest.xml:11:5-81
MERGED from [com.getui:sdk:2.12.5.0] AndroidManifest.xml:18:5-81
MERGED from [com.jph.takephoto:takephoto_library:4.0.3] AndroidManifest.xml:11:5-81
	android:name
		ADDED from src\main\AndroidManifest.xml:9:22-78
uses-permission#android.permission.READ_EXTERNAL_STORAGE
ADDED from src\main\AndroidManifest.xml:10:5-80
MERGED from [com.yanzhenjie:album:1.0.0] AndroidManifest.xml:10:5-80
MERGED from [com.darsh.multipleimageselect:multipleimageselect:1.0.4] AndroidManifest.xml:11:5-80
	android:name
		ADDED from src\main\AndroidManifest.xml:10:22-77
uses-permission#android.permission.CAMERA
ADDED from src\main\AndroidManifest.xml:12:5-65
MERGED from [com.yanzhenjie:album:1.0.0] AndroidManifest.xml:9:5-65
MERGED from [com.jph.takephoto:takephoto_library:4.0.3] AndroidManifest.xml:12:5-65
MERGED from [com.journeyapps:zxing-android-embedded:3.3.0] AndroidManifest.xml:21:5-65
	android:name
		ADDED from src\main\AndroidManifest.xml:12:22-62
uses-permission#android.permission.ACCESS_NETWORK_STATE
ADDED from src\main\AndroidManifest.xml:14:5-79
MERGED from [com.getui:sdk:2.12.5.0] AndroidManifest.xml:13:5-79
	android:name
		ADDED from src\main\AndroidManifest.xml:14:22-76
uses-permission#android.permission.ACCESS_WIFI_STATE
ADDED from src\main\AndroidManifest.xml:16:5-76
MERGED from [com.getui:sdk:2.12.5.0] AndroidManifest.xml:15:5-76
	android:name
		ADDED from src\main\AndroidManifest.xml:16:22-73
uses-permission#android.permission.READ_PHONE_STATE
ADDED from src\main\AndroidManifest.xml:18:5-75
MERGED from [com.getui:sdk:2.12.5.0] AndroidManifest.xml:12:5-75
	android:name
		ADDED from src\main\AndroidManifest.xml:18:22-72
uses-permission#android.permission.ACCESS_COARSE_LOCATION
ADDED from src\main\AndroidManifest.xml:20:5-81
	android:name
		ADDED from src\main\AndroidManifest.xml:20:22-78
uses-permission#android.permission.ACCESS_FINE_LOCATION
ADDED from src\main\AndroidManifest.xml:22:5-79
	android:name
		ADDED from src\main\AndroidManifest.xml:22:22-76
uses-permission#android.permission.CHANGE_WIFI_STATE
ADDED from src\main\AndroidManifest.xml:24:5-76
MERGED from [com.getui:sdk:2.12.5.0] AndroidManifest.xml:14:5-76
	android:name
		ADDED from src\main\AndroidManifest.xml:24:22-73
uses-permission#android.permission.MOUNT_UNMOUNT_FILESYSTEMS
ADDED from src\main\AndroidManifest.xml:26:5-27:47
	tools:ignore
		ADDED from src\main\AndroidManifest.xml:27:9-44
	android:name
		ADDED from src\main\AndroidManifest.xml:26:22-81
uses-permission#android.permission.VIBRATE
ADDED from src\main\AndroidManifest.xml:28:5-66
MERGED from [com.getui:sdk:2.12.5.0] AndroidManifest.xml:19:5-66
	android:name
		ADDED from src\main\AndroidManifest.xml:28:22-63
uses-permission#android.permission.WAKE_LOCK
ADDED from src\main\AndroidManifest.xml:29:5-68
MERGED from [com.getui:sdk:2.12.5.0] AndroidManifest.xml:16:5-68
	android:name
		ADDED from src\main\AndroidManifest.xml:29:22-65
uses-permission#android.permission.WRITE_SETTINGS
ADDED from src\main\AndroidManifest.xml:30:5-31:47
	tools:ignore
		ADDED from src\main\AndroidManifest.xml:31:9-44
	android:name
		ADDED from src\main\AndroidManifest.xml:30:22-70
uses-permission#android.permission.CALL_PHONE
ADDED from src\main\AndroidManifest.xml:32:5-69
	android:name
		ADDED from src\main\AndroidManifest.xml:32:22-66
uses-permission#android.permission.RECEIVE_BOOT_COMPLETED
ADDED from src\main\AndroidManifest.xml:33:5-81
MERGED from [com.getui:sdk:2.12.5.0] AndroidManifest.xml:17:5-81
	android:name
		ADDED from src\main\AndroidManifest.xml:33:22-78
uses-permission#android.permission.BLUETOOTH
ADDED from src\main\AndroidManifest.xml:36:5-68
	android:name
		ADDED from src\main\AndroidManifest.xml:36:22-65
uses-permission#android.permission.BLUETOOTH_ADMIN
ADDED from src\main\AndroidManifest.xml:37:5-74
	android:name
		ADDED from src\main\AndroidManifest.xml:37:22-71
application
ADDED from src\main\AndroidManifest.xml:39:5-215:19
MERGED from [NewbigFitness:library:unspecified] AndroidManifest.xml:11:5-14:19
MERGED from [com.android.support:cardview-v7:25.2.0] AndroidManifest.xml:22:5-20
MERGED from [me.yokeyword:fragmentation:0.7.9] AndroidManifest.xml:9:5-12:19
MERGED from [com.victor:lib:1.0.4] AndroidManifest.xml:11:5-14:19
MERGED from [com.prolificinteractive:material-calendarview:1.4.0] AndroidManifest.xml:12:5-20
MERGED from [com.miguelcatalan:materialsearchview:1.4.0] AndroidManifest.xml:11:5-20
MERGED from [com.github.bumptech.glide:okhttp3-integration:1.4.0] AndroidManifest.xml:11:5-15:19
MERGED from [cn.jiguang.sdk:jcore:1.1.1] AndroidManifest.xml:11:5-12:19
MERGED from [com.yanzhenjie:album:1.0.0] AndroidManifest.xml:13:5-20
MERGED from [com.android.support.test:runner:0.5] AndroidManifest.xml:24:5-20
MERGED from [com.android.support.test:exposed-instrumentation-api-publish:0.5] AndroidManifest.xml:24:5-20
MERGED from [com.android.support.test.espresso:espresso-idling-resource:2.2.2] AndroidManifest.xml:24:5-20
MERGED from [com.android.support.constraint:constraint-layout:1.0.2] AndroidManifest.xml:9:5-20
MERGED from [com.getui:sdk:2.12.5.0] AndroidManifest.xml:32:5-82:19
MERGED from [com.jph.takephoto:takephoto_library:4.0.3] AndroidManifest.xml:14:5-26:19
MERGED from [com.darsh.multipleimageselect:multipleimageselect:1.0.4] AndroidManifest.xml:13:5-34:19
MERGED from [org.xutils:xutils:3.3.36] AndroidManifest.xml:12:5-20
MERGED from [com.lcodecorex:tkrefreshlayout:1.0.7] AndroidManifest.xml:11:5-15:19
MERGED from [com.jaeger.statusbarutil:library:1.4.0] AndroidManifest.xml:11:5-20
MERGED from [com.android.support:design:25.3.1] AndroidManifest.xml:29:5-20
MERGED from [com.android.support:appcompat-v7:25.3.1] AndroidManifest.xml:29:5-20
MERGED from [com.android.support:animated-vector-drawable:25.3.1] AndroidManifest.xml:26:5-20
MERGED from [com.android.support:support-vector-drawable:25.3.1] AndroidManifest.xml:26:5-20
MERGED from [com.android.support:transition:25.3.1] AndroidManifest.xml:26:5-20
MERGED from [com.journeyapps:zxing-android-embedded:3.3.0] AndroidManifest.xml:45:5-53:19
MERGED from [com.android.support:support-v4:25.3.1] AndroidManifest.xml:29:5-20
MERGED from [com.android.support:support-fragment:25.3.1] AndroidManifest.xml:29:5-20
MERGED from [com.android.support:support-media-compat:25.3.1] AndroidManifest.xml:29:5-20
MERGED from [com.android.support:support-core-ui:25.3.1] AndroidManifest.xml:29:5-20
MERGED from [com.android.support:support-core-utils:25.3.1] AndroidManifest.xml:29:5-20
MERGED from [com.android.support:support-compat:25.3.1] AndroidManifest.xml:29:5-20
	android:label
		ADDED from src\main\AndroidManifest.xml:43:9-41
	android:supportsRtl
		ADDED from src\main\AndroidManifest.xml:45:9-35
	android:launchMode
		ADDED from src\main\AndroidManifest.xml:44:9-38
	android:allowBackup
		ADDED from src\main\AndroidManifest.xml:41:9-35
	android:icon
		ADDED from src\main\AndroidManifest.xml:42:9-34
	android:theme
		ADDED from src\main\AndroidManifest.xml:46:9-65
	android:name
		ADDED from src\main\AndroidManifest.xml:40:9-28
	android:usesCleartextTraffic
		ADDED from [com.getui:sdk:2.12.5.0] AndroidManifest.xml:32:18-53
meta-data#channel
ADDED from src\main\AndroidManifest.xml:47:9-65
	android:value
		ADDED from src\main\AndroidManifest.xml:47:43-63
	android:name
		ADDED from src\main\AndroidManifest.xml:47:20-42
activity#com.example.gufei.bigfitness.com.GuFei.Ui.main.MainActivity
ADDED from src\main\AndroidManifest.xml:48:9-50:15
	android:screenOrientation
		ADDED from src\main\AndroidManifest.xml:49:13-49
	android:name
		ADDED from src\main\AndroidManifest.xml:48:19-65
service#com.example.gufei.bigfitness.com.GuFei.Push.IntentService
ADDED from src\main\AndroidManifest.xml:92:8-64
	android:name
		ADDED from src\main\AndroidManifest.xml:92:17-61
service#com.example.gufei.bigfitness.com.GuFei.Push.PushService
ADDED from src\main\AndroidManifest.xml:93:9-97:46
	android:process
		ADDED from src\main\AndroidManifest.xml:97:13-43
	android:label
		ADDED from src\main\AndroidManifest.xml:96:13-40
	android:exported
		ADDED from src\main\AndroidManifest.xml:95:13-36
	android:name
		ADDED from src\main\AndroidManifest.xml:94:13-55
receiver#com.igexin.sdk.PushReceiver
ADDED from src\main\AndroidManifest.xml:101:9-111:20
MERGED from [com.getui:sdk:2.12.5.0] AndroidManifest.xml:56:9-66:20
	android:name
		ADDED from src\main\AndroidManifest.xml:101:19-61
intent-filter#android.intent.action.ACTION_POWER_CONNECTED+android.intent.action.ACTION_POWER_DISCONNECTED+android.intent.action.BOOT_COMPLETED+android.intent.action.MEDIA_MOUNTED+android.intent.action.USER_PRESENT+android.net.conn.CONNECTIVITY_CHANGE+com.igexin.sdk.action.refreshls
ADDED from src\main\AndroidManifest.xml:102:13-110:29
action#android.intent.action.BOOT_COMPLETED
ADDED from src\main\AndroidManifest.xml:103:17-79
	android:name
		ADDED from src\main\AndroidManifest.xml:103:25-76
action#android.net.conn.CONNECTIVITY_CHANGE
ADDED from src\main\AndroidManifest.xml:104:17-79
	android:name
		ADDED from src\main\AndroidManifest.xml:104:25-76
action#android.intent.action.USER_PRESENT
ADDED from src\main\AndroidManifest.xml:105:17-77
	android:name
		ADDED from src\main\AndroidManifest.xml:105:25-74
action#com.igexin.sdk.action.refreshls
ADDED from src\main\AndroidManifest.xml:106:17-74
	android:name
		ADDED from src\main\AndroidManifest.xml:106:25-71
action#android.intent.action.MEDIA_MOUNTED
ADDED from src\main\AndroidManifest.xml:107:17-78
	android:name
		ADDED from src\main\AndroidManifest.xml:107:25-75
action#android.intent.action.ACTION_POWER_CONNECTED
ADDED from src\main\AndroidManifest.xml:108:17-87
	android:name
		ADDED from src\main\AndroidManifest.xml:108:25-84
action#android.intent.action.ACTION_POWER_DISCONNECTED
ADDED from src\main\AndroidManifest.xml:109:17-90
	android:name
		ADDED from src\main\AndroidManifest.xml:109:25-87
activity#com.example.gufei.bigfitness.com.GuFei.Ui.Schedule.ScheduleActivity
ADDED from src\main\AndroidManifest.xml:116:9-114
	android:screenOrientation
		ADDED from src\main\AndroidManifest.xml:116:75-111
	android:name
		ADDED from src\main\AndroidManifest.xml:116:19-73
activity#com.example.gufei.bigfitness.com.GuFei.Ui.User.Login.LoginActivity
ADDED from src\main\AndroidManifest.xml:117:9-113
	android:screenOrientation
		ADDED from src\main\AndroidManifest.xml:117:74-110
	android:name
		ADDED from src\main\AndroidManifest.xml:117:19-72
activity#com.example.gufei.bigfitness.com.GuFei.Ui.User.welcome.WelcomeActivity
ADDED from src\main\AndroidManifest.xml:118:9-124:20
	android:screenOrientation
		ADDED from src\main\AndroidManifest.xml:118:78-114
	android:name
		ADDED from src\main\AndroidManifest.xml:118:19-76
intent-filter#android.intent.action.MAIN+android.intent.category.LAUNCHER
ADDED from src\main\AndroidManifest.xml:119:13-123:29
action#android.intent.action.MAIN
ADDED from src\main\AndroidManifest.xml:120:17-69
	android:name
		ADDED from src\main\AndroidManifest.xml:120:25-66
category#android.intent.category.LAUNCHER
ADDED from src\main\AndroidManifest.xml:122:17-77
	android:name
		ADDED from src\main\AndroidManifest.xml:122:27-74
activity#com.yanzhenjie.album.AlbumActivity
ADDED from src\main\AndroidManifest.xml:125:9-131:75
	android:label
		ADDED from src\main\AndroidManifest.xml:129:13-31
	android:windowSoftInputMode
		ADDED from src\main\AndroidManifest.xml:131:13-72
	android:configChanges
		ADDED from src\main\AndroidManifest.xml:128:13-74
	android:theme
		ADDED from src\main\AndroidManifest.xml:130:13-69
	android:name
		ADDED from src\main\AndroidManifest.xml:127:13-62
activity#com.example.gufei.bigfitness.com.GuFei.Ui.User.Messages.MessagesListActivity
ADDED from src\main\AndroidManifest.xml:132:9-123
	android:screenOrientation
		ADDED from src\main\AndroidManifest.xml:132:84-120
	android:name
		ADDED from src\main\AndroidManifest.xml:132:19-82
activity#com.example.gufei.bigfitness.com.GuFei.Ui.AddressList.AddressDetails.AddressDetailsActivity
ADDED from src\main\AndroidManifest.xml:134:9-138
	android:screenOrientation
		ADDED from src\main\AndroidManifest.xml:134:99-135
	android:name
		ADDED from src\main\AndroidManifest.xml:134:19-97
activity#com.example.gufei.bigfitness.com.GuFei.Ui.User.MyCenter.seting.SetingActivity
ADDED from src\main\AndroidManifest.xml:136:9-124
	android:screenOrientation
		ADDED from src\main\AndroidManifest.xml:136:85-121
	android:name
		ADDED from src\main\AndroidManifest.xml:136:19-83
activity#com.example.gufei.bigfitness.com.GuFei.Ui.User.MyCenter.appraise.AppraiseActivity
ADDED from src\main\AndroidManifest.xml:137:9-128
	android:screenOrientation
		ADDED from src\main\AndroidManifest.xml:137:89-125
	android:name
		ADDED from src\main\AndroidManifest.xml:137:19-87
activity#com.example.gufei.bigfitness.com.GuFei.Ui.User.MyCenter.personainfo.PersonalInfoActivity
ADDED from src\main\AndroidManifest.xml:138:9-139:38
	android:screenOrientation
		ADDED from src\main\AndroidManifest.xml:138:96-132
	android:exported
		ADDED from src\main\AndroidManifest.xml:139:13-36
	android:name
		ADDED from src\main\AndroidManifest.xml:138:19-94
activity#com.example.gufei.bigfitness.com.GuFei.Ui.User.MyCenter.coach.CoachInfoActivity
ADDED from src\main\AndroidManifest.xml:140:9-126
	android:screenOrientation
		ADDED from src\main\AndroidManifest.xml:140:87-123
	android:name
		ADDED from src\main\AndroidManifest.xml:140:19-85
activity#com.example.gufei.bigfitness.com.GuFei.Ui.User.MyCenter.img_video_list.ImgVideoListActivity
ADDED from src\main\AndroidManifest.xml:141:9-138
	android:screenOrientation
		ADDED from src\main\AndroidManifest.xml:141:99-135
	android:name
		ADDED from src\main\AndroidManifest.xml:141:19-97
activity#com.example.gufei.bigfitness.com.GuFei.Ui.CustomerManagement.Record.FollowUpRecordActivity
ADDED from src\main\AndroidManifest.xml:142:9-137
	android:screenOrientation
		ADDED from src\main\AndroidManifest.xml:142:99-135
	android:name
		ADDED from src\main\AndroidManifest.xml:142:19-96
activity#com.example.gufei.bigfitness.com.GuFei.Ui.CustomerManagement.CustomerList.CustomerListActivity
ADDED from src\main\AndroidManifest.xml:143:9-141
	android:screenOrientation
		ADDED from src\main\AndroidManifest.xml:143:102-138
	android:name
		ADDED from src\main\AndroidManifest.xml:143:19-100
activity#com.example.gufei.bigfitness.com.GuFei.Ui.CustomerManagement.CustomerInfo.CustomerInfoCollectionActivity
ADDED from src\main\AndroidManifest.xml:144:9-151
	android:screenOrientation
		ADDED from src\main\AndroidManifest.xml:144:112-148
	android:name
		ADDED from src\main\AndroidManifest.xml:144:19-110
activity#com.example.gufei.bigfitness.com.GuFei.Ui.CustomerManagement.ReservationRecord.ReservationRecordActivity
ADDED from src\main\AndroidManifest.xml:145:9-151
	android:screenOrientation
		ADDED from src\main\AndroidManifest.xml:145:113-149
	android:name
		ADDED from src\main\AndroidManifest.xml:145:19-110
activity#com.example.gufei.bigfitness.com.GuFei.Ui.CustomerManagement.Main.CustomerMainActivity
ADDED from src\main\AndroidManifest.xml:146:9-149:72
	android:screenOrientation
		ADDED from src\main\AndroidManifest.xml:147:88-124
	android:label
		ADDED from src\main\AndroidManifest.xml:148:13-65
	android:theme
		ADDED from src\main\AndroidManifest.xml:149:13-69
	android:name
		ADDED from src\main\AndroidManifest.xml:147:13-86
activity#com.example.gufei.bigfitness.com.GuFei.Ui.GeneralComponent.Query.QueryActivity
ADDED from src\main\AndroidManifest.xml:154:9-125
	android:screenOrientation
		ADDED from src\main\AndroidManifest.xml:154:86-122
	android:name
		ADDED from src\main\AndroidManifest.xml:154:19-84
activity#com.example.gufei.bigfitness.com.GuFei.Ui.CustomerManagement.AddAppointment.AddAppointmentActivity
ADDED from src\main\AndroidManifest.xml:156:9-145
	android:screenOrientation
		ADDED from src\main\AndroidManifest.xml:156:106-142
	android:name
		ADDED from src\main\AndroidManifest.xml:156:19-104
activity#com.example.gufei.bigfitness.com.GuFei.Ui.CustomerManagement.AddFollow.AddFollowActivity
ADDED from src\main\AndroidManifest.xml:157:9-135
	android:screenOrientation
		ADDED from src\main\AndroidManifest.xml:157:96-132
	android:name
		ADDED from src\main\AndroidManifest.xml:157:19-94
activity#com.example.gufei.bigfitness.com.GuFei.Ui.CustomerManagement.TrainingPlan.Add.TrainingPlanAddActivity
ADDED from src\main\AndroidManifest.xml:158:9-148
	android:screenOrientation
		ADDED from src\main\AndroidManifest.xml:158:109-145
	android:name
		ADDED from src\main\AndroidManifest.xml:158:19-107
activity#com.example.gufei.bigfitness.com.GuFei.Ui.CustomerManagement.TrainingPlan.List.TrainingPlanListActivity
ADDED from src\main\AndroidManifest.xml:159:9-150
	android:screenOrientation
		ADDED from src\main\AndroidManifest.xml:159:112-148
	android:name
		ADDED from src\main\AndroidManifest.xml:159:19-109
activity#com.example.gufei.bigfitness.com.GuFei.Ui.CustomerManagement.SiteSelection.SiteSelectionActivity
ADDED from src\main\AndroidManifest.xml:160:9-143
	android:screenOrientation
		ADDED from src\main\AndroidManifest.xml:160:105-141
	android:name
		ADDED from src\main\AndroidManifest.xml:160:19-102
activity#com.example.gufei.bigfitness.com.GuFei.Ui.Members.CourseAppointmentAdd.CourseAppointmentAddActivity
ADDED from src\main\AndroidManifest.xml:161:9-146
	android:screenOrientation
		ADDED from src\main\AndroidManifest.xml:161:107-143
	android:name
		ADDED from src\main\AndroidManifest.xml:161:19-105
activity#com.example.gufei.bigfitness.com.GuFei.Ui.Members.AppointmentDetails.AppointmentDetailsActivity
ADDED from src\main\AndroidManifest.xml:162:9-142
	android:screenOrientation
		ADDED from src\main\AndroidManifest.xml:162:104-140
	android:name
		ADDED from src\main\AndroidManifest.xml:162:19-101
activity#com.example.gufei.bigfitness.com.GuFei.Ui.Members.Course.List.CourseListActivity
ADDED from src\main\AndroidManifest.xml:163:9-127
	android:screenOrientation
		ADDED from src\main\AndroidManifest.xml:163:89-125
	android:name
		ADDED from src\main\AndroidManifest.xml:163:19-86
activity#com.example.gufei.bigfitness.com.GuFei.Ui.Members.MedicalReportDocuments.MedicalReportDocumentsListActivity
ADDED from src\main\AndroidManifest.xml:164:9-154
	android:screenOrientation
		ADDED from src\main\AndroidManifest.xml:164:116-152
	android:name
		ADDED from src\main\AndroidManifest.xml:164:19-113
activity#com.example.gufei.bigfitness.com.GuFei.Ui.VideoPlayView.VideoPlayActivity
ADDED from src\main\AndroidManifest.xml:165:9-120
	android:screenOrientation
		ADDED from src\main\AndroidManifest.xml:165:82-118
	android:name
		ADDED from src\main\AndroidManifest.xml:165:19-79
activity#com.example.gufei.bigfitness.com.GuFei.Ui.User.MyCenter.img_video_list.ImageActivity
ADDED from src\main\AndroidManifest.xml:166:9-131
	android:screenOrientation
		ADDED from src\main\AndroidManifest.xml:166:92-128
	android:name
		ADDED from src\main\AndroidManifest.xml:166:19-90
activity#com.example.gufei.bigfitness.com.GuFei.Ui.Filter.FilterListActivity
ADDED from src\main\AndroidManifest.xml:167:9-114
	android:screenOrientation
		ADDED from src\main\AndroidManifest.xml:167:76-112
	android:name
		ADDED from src\main\AndroidManifest.xml:167:19-73
activity#com.example.gufei.bigfitness.com.GuFei.Ui.PublicSea.List.PublicSeaListActivity
ADDED from src\main\AndroidManifest.xml:168:9-125
	android:screenOrientation
		ADDED from src\main\AndroidManifest.xml:168:87-123
	android:name
		ADDED from src\main\AndroidManifest.xml:168:19-84
activity#com.example.gufei.bigfitness.com.GuFei.Ui.PublicSea.searchlist.PublicSeaSearchListActivity
ADDED from src\main\AndroidManifest.xml:169:9-137
	android:screenOrientation
		ADDED from src\main\AndroidManifest.xml:169:99-135
	android:name
		ADDED from src\main\AndroidManifest.xml:169:19-96
activity#com.example.gufei.bigfitness.com.GuFei.Ui.CustomerManagement.AppointmentRecord.AppointmentRecordActivity
ADDED from src\main\AndroidManifest.xml:170:9-151
	android:screenOrientation
		ADDED from src\main\AndroidManifest.xml:170:113-149
	android:name
		ADDED from src\main\AndroidManifest.xml:170:19-110
activity#com.example.gufei.bigfitness.com.GuFei.Ui.PublicSea.Details.PublicSeaInfoActivity
ADDED from src\main\AndroidManifest.xml:171:9-128
	android:screenOrientation
		ADDED from src\main\AndroidManifest.xml:171:90-126
	android:name
		ADDED from src\main\AndroidManifest.xml:171:19-87
activity#com.example.gufei.bigfitness.com.GuFei.Ui.Members.Main.MembersMainActivity
ADDED from src\main\AndroidManifest.xml:172:9-121
	android:screenOrientation
		ADDED from src\main\AndroidManifest.xml:172:83-119
	android:name
		ADDED from src\main\AndroidManifest.xml:172:19-80
activity#com.example.gufei.bigfitness.com.GuFei.Ui.Members.Record.MembersFollowUpRecordActivity
ADDED from src\main\AndroidManifest.xml:173:9-133
	android:screenOrientation
		ADDED from src\main\AndroidManifest.xml:173:95-131
	android:name
		ADDED from src\main\AndroidManifest.xml:173:19-92
activity#com.example.gufei.bigfitness.com.GuFei.Ui.Web.WebActivity
ADDED from src\main\AndroidManifest.xml:174:9-104
	android:screenOrientation
		ADDED from src\main\AndroidManifest.xml:174:66-102
	android:name
		ADDED from src\main\AndroidManifest.xml:174:19-63
activity#com.example.gufei.bigfitness.com.GuFei.Ui.Members.MembersInfo.MembersInfoActivity
ADDED from src\main\AndroidManifest.xml:175:9-128
	android:screenOrientation
		ADDED from src\main\AndroidManifest.xml:175:90-126
	android:name
		ADDED from src\main\AndroidManifest.xml:175:19-87
activity#com.example.gufei.bigfitness.com.GuFei.Ui.CustomerManagement.AddCustomer.CustomerInfo.CustomerAddCollectionActivity
ADDED from src\main\AndroidManifest.xml:176:9-162
	android:screenOrientation
		ADDED from src\main\AndroidManifest.xml:176:124-160
	android:name
		ADDED from src\main\AndroidManifest.xml:176:19-121
activity#com.example.gufei.bigfitness.com.GuFei.Ui.Members.AddReport.AddReportActivity
ADDED from src\main\AndroidManifest.xml:177:9-124
	android:screenOrientation
		ADDED from src\main\AndroidManifest.xml:177:86-122
	android:name
		ADDED from src\main\AndroidManifest.xml:177:19-83
activity#com.example.gufei.bigfitness.com.GuFei.Ui.Members.LessonReportDocuments.LessonReportDocumentsListActivity
ADDED from src\main\AndroidManifest.xml:178:9-152
	android:screenOrientation
		ADDED from src\main\AndroidManifest.xml:178:114-150
	android:name
		ADDED from src\main\AndroidManifest.xml:178:19-111
activity#com.example.gufei.bigfitness.com.GuFei.Ui.Members.LessonInfo.LessonInfoActivity
ADDED from src\main\AndroidManifest.xml:179:9-126
	android:screenOrientation
		ADDED from src\main\AndroidManifest.xml:179:87-123
	android:name
		ADDED from src\main\AndroidManifest.xml:179:19-85
activity#com.example.gufei.bigfitness.com.GuFei.Ui.Members.Course.Details.CourseDetailsActivity
ADDED from src\main\AndroidManifest.xml:180:9-133
	android:screenOrientation
		ADDED from src\main\AndroidManifest.xml:180:95-131
	android:name
		ADDED from src\main\AndroidManifest.xml:180:19-92
activity#com.example.gufei.bigfitness.com.GuFei.Ui.Members.Private.LessonInfo.LessonInfoPrivateActivity
ADDED from src\main\AndroidManifest.xml:181:9-141
	android:screenOrientation
		ADDED from src\main\AndroidManifest.xml:181:103-139
	android:name
		ADDED from src\main\AndroidManifest.xml:181:19-100
activity#com.example.gufei.bigfitness.com.GuFei.Ui.Members.MembersInfoDetails.MembersInfoDetailsActivity
ADDED from src\main\AndroidManifest.xml:182:9-142
	android:screenOrientation
		ADDED from src\main\AndroidManifest.xml:182:104-140
	android:name
		ADDED from src\main\AndroidManifest.xml:182:19-101
activity#com.example.gufei.bigfitness.com.GuFei.Ui.CustomerManagement.EditCustomer.CustomerEditCollectionActivity
ADDED from src\main\AndroidManifest.xml:183:9-151
	android:screenOrientation
		ADDED from src\main\AndroidManifest.xml:183:113-149
	android:name
		ADDED from src\main\AndroidManifest.xml:183:19-110
activity#com.example.gufei.bigfitness.com.GuFei.Ui.Members.AddAppointment.AddMebersAppointmentActivity
ADDED from src\main\AndroidManifest.xml:184:9-140
	android:screenOrientation
		ADDED from src\main\AndroidManifest.xml:184:102-138
	android:name
		ADDED from src\main\AndroidManifest.xml:184:19-99
activity#com.example.gufei.bigfitness.com.GuFei.Ui.Members.cardlist.CardListActivity
ADDED from src\main\AndroidManifest.xml:185:9-122
	android:screenOrientation
		ADDED from src\main\AndroidManifest.xml:185:83-119
	android:name
		ADDED from src\main\AndroidManifest.xml:185:19-81
activity#com.example.gufei.bigfitness.com.GuFei.Ui.Members.cardinfo.CardInfoActivity
ADDED from src\main\AndroidManifest.xml:186:9-122
	android:screenOrientation
		ADDED from src\main\AndroidManifest.xml:186:84-120
	android:name
		ADDED from src\main\AndroidManifest.xml:186:19-81
activity#com.example.gufei.bigfitness.com.GuFei.Ui.Members.cardinfo.TimeCard.TimeCardInfoActivity
ADDED from src\main\AndroidManifest.xml:187:9-135
	android:screenOrientation
		ADDED from src\main\AndroidManifest.xml:187:97-133
	android:name
		ADDED from src\main\AndroidManifest.xml:187:19-94
activity#com.example.gufei.bigfitness.com.GuFei.Ui.Members.ReservationRecord.ReservationRecordMembersActivity
ADDED from src\main\AndroidManifest.xml:188:9-147
	android:screenOrientation
		ADDED from src\main\AndroidManifest.xml:188:109-145
	android:name
		ADDED from src\main\AndroidManifest.xml:188:19-106
activity#com.example.gufei.bigfitness.com.GuFei.Ui.Members.AppointmentRecord.MembersAppointmentRecordActivity
ADDED from src\main\AndroidManifest.xml:189:9-147
	android:screenOrientation
		ADDED from src\main\AndroidManifest.xml:189:109-145
	android:name
		ADDED from src\main\AndroidManifest.xml:189:19-106
activity#com.example.gufei.bigfitness.com.GuFei.Ui.Members.EditAppointment.EditMebersAppointmentActivity
ADDED from src\main\AndroidManifest.xml:190:9-142
	android:screenOrientation
		ADDED from src\main\AndroidManifest.xml:190:104-140
	android:name
		ADDED from src\main\AndroidManifest.xml:190:19-101
activity#com.example.gufei.bigfitness.com.GuFei.Ui.Members.AddFollow.AddMembersFollowActivity
ADDED from src\main\AndroidManifest.xml:191:9-131
	android:screenOrientation
		ADDED from src\main\AndroidManifest.xml:191:93-129
	android:name
		ADDED from src\main\AndroidManifest.xml:191:19-90
activity#com.example.gufei.bigfitness.com.GuFei.Ui.Members.LessonList.LessonListActivity
ADDED from src\main\AndroidManifest.xml:192:9-126
	android:screenOrientation
		ADDED from src\main\AndroidManifest.xml:192:88-124
	android:name
		ADDED from src\main\AndroidManifest.xml:192:19-85
activity#com.example.gufei.bigfitness.com.GuFei.Ui.Schedule.activity.ListActivity
ADDED from src\main\AndroidManifest.xml:193:9-119
	android:screenOrientation
		ADDED from src\main\AndroidManifest.xml:193:81-117
	android:name
		ADDED from src\main\AndroidManifest.xml:193:19-78
activity#com.example.gufei.bigfitness.com.GuFei.Ui.Schedule.ScheduleAddAppointment.ScheduleAddAppointmentActivity
ADDED from src\main\AndroidManifest.xml:194:9-151
	android:screenOrientation
		ADDED from src\main\AndroidManifest.xml:194:112-148
	android:name
		ADDED from src\main\AndroidManifest.xml:194:19-110
activity#com.example.gufei.bigfitness.com.GuFei.Ui.Scan.ScanActivity
ADDED from src\main\AndroidManifest.xml:195:9-106
	android:screenOrientation
		ADDED from src\main\AndroidManifest.xml:195:68-104
	android:name
		ADDED from src\main\AndroidManifest.xml:195:19-65
activity#com.example.gufei.bigfitness.com.GuFei.Ui.Schedule.ReservationRecord.ReservationRecordScheduleActivity
ADDED from src\main\AndroidManifest.xml:196:9-149
	android:screenOrientation
		ADDED from src\main\AndroidManifest.xml:196:111-147
	android:name
		ADDED from src\main\AndroidManifest.xml:196:19-108
activity#com.example.gufei.bigfitness.com.GuFei.Ui.Schedule.AddAppointment.AddAppointmentScheduleActivity
ADDED from src\main\AndroidManifest.xml:197:9-143
	android:screenOrientation
		ADDED from src\main\AndroidManifest.xml:197:104-140
	android:name
		ADDED from src\main\AndroidManifest.xml:197:19-102
activity#com.example.gufei.bigfitness.com.GuFei.Ui.Members.TeacherFilter.TeacherFilterListActivity
ADDED from src\main\AndroidManifest.xml:198:9-136
	android:screenOrientation
		ADDED from src\main\AndroidManifest.xml:198:98-134
	android:name
		ADDED from src\main\AndroidManifest.xml:198:19-95
activity#com.example.gufei.bigfitness.com.GuFei.Ui.About.AboutActivity
ADDED from src\main\AndroidManifest.xml:199:9-108
	android:screenOrientation
		ADDED from src\main\AndroidManifest.xml:199:70-106
	android:name
		ADDED from src\main\AndroidManifest.xml:199:19-67
activity#com.example.gufei.bigfitness.com.GuFei.Ui.Charts.ChartsMainActivity
ADDED from src\main\AndroidManifest.xml:200:9-114
	android:screenOrientation
		ADDED from src\main\AndroidManifest.xml:200:76-112
	android:name
		ADDED from src\main\AndroidManifest.xml:200:19-73
activity#com.example.gufei.bigfitness.com.GuFei.Ui.Charts.Main2Activity
ADDED from src\main\AndroidManifest.xml:201:9-109
	android:screenOrientation
		ADDED from src\main\AndroidManifest.xml:201:71-107